#
# There is insufficient memory for the Java Runtime Environment to continue.
# Native memory allocation (mmap) failed to map 132120576 bytes. Error detail: G1 virtual space
# Possible reasons:
#   The system is out of physical RAM or swap space
#   This process is running with CompressedOops enabled, and the Java Heap may be blocking the growth of the native heap
# Possible solutions:
#   Reduce memory load on the system
#   Increase physical memory or swap space
#   Check if swap backing store is full
#   Decrease Java heap size (-Xmx/-Xms)
#   Decrease number of Java threads
#   Decrease Java thread stack sizes (-Xss)
#   Set larger code cache with -XX:ReservedCodeCacheSize=
#   JVM is running with Unscaled Compressed Oops mode in which the Java heap is
#     placed in the first 4GB address space. The Java Heap base address is the
#     maximum limit for the native heap growth. Please use -XX:HeapBaseMinAddress
#     to set the Java Heap base and to place the Java Heap above 4GB virtual address.
# This output file may be truncated or incomplete.
#
#  Out of Memory Error (os_windows.cpp:3828), pid=18152, tid=16128
#
# JRE version:  (21.0.4) (build )
# Java VM: OpenJDK 64-Bit Server VM (21.0.4+-12508038-b607.1, mixed mode, sharing, tiered, compressed oops, compressed class ptrs, g1 gc, windows-amd64)
# No core dump will be written. Minidumps are not enabled by default on client versions of Windows
#

---------------  S U M M A R Y ------------

Command Line: org.jetbrains.kotlin.cli.jvm.K2JVMCompiler @C:\Git_Repo\Software_Engineering\Android\app\build\20250414_1797454497981734865.compiler.options

Host: Intel(R) Core(TM) i5-10210U CPU @ 1.60GHz, 8 cores, 7G,  Windows 11 , 64 bit Build 26100 (10.0.26100.3775)
Time: Mon Apr 14 21:30:42 2025 Mitteleuropäische Sommerzeit elapsed time: 2.024387 seconds (0d 0h 0m 2s)

---------------  T H R E A D  ---------------

Current thread (0x00000156613df3f0):  JavaThread "Unknown thread" [_thread_in_vm, id=16128, stack(0x0000002986000000,0x0000002986100000) (1024K)]

Stack: [0x0000002986000000,0x0000002986100000]
Native frames: (J=compiled Java code, j=interpreted, Vv=VM code, C=native code)
V  [jvm.dll+0x6ce539]
V  [jvm.dll+0x85bf03]
V  [jvm.dll+0x85e45e]
V  [jvm.dll+0x85eb43]
V  [jvm.dll+0x27dd06]
V  [jvm.dll+0x6cada5]
V  [jvm.dll+0x6bf27a]
V  [jvm.dll+0x3541fb]
V  [jvm.dll+0x35be36]
V  [jvm.dll+0x3adbc6]
V  [jvm.dll+0x3ade98]
V  [jvm.dll+0x32691c]
V  [jvm.dll+0x32760b]
V  [jvm.dll+0x823959]
V  [jvm.dll+0x3bacf8]
V  [jvm.dll+0x80cd58]
V  [jvm.dll+0x44ef2e]
V  [jvm.dll+0x450691]
C  [jli.dll+0x52ab]
C  [ucrtbase.dll+0x37b0]
C  [KERNEL32.DLL+0x2e8d7]
C  [ntdll.dll+0xb14fc]


---------------  P R O C E S S  ---------------

Threads class SMR info:
_java_thread_list=0x00007fff49d7a808, length=0, elements={
}

Java Threads: ( => current thread )
Total: 0

Other Threads:
  0x000001566142db90 WorkerThread "GC Thread#0"                     [id=19080, stack(0x0000002986100000,0x0000002986200000) (1024K)]
  0x000001566143e4f0 ConcurrentGCThread "G1 Main Marker"            [id=5776, stack(0x0000002986200000,0x0000002986300000) (1024K)]
  0x0000015661442900 WorkerThread "G1 Conc#0"                       [id=8992, stack(0x0000002986300000,0x0000002986400000) (1024K)]

[error occurred during error reporting (printing all threads), id 0xc0000005, EXCEPTION_ACCESS_VIOLATION (0xc0000005) at pc=0x00007fff49579957]
VM state: not at safepoint (not fully initialized)

VM Mutex/Monitor currently owned by a thread:  ([mutex/lock_event])
[0x00007fff49de73f8] Heap_lock - owner thread: 0x00000156613df3f0

Heap address: 0x0000000083400000, size: 1996 MB, Compressed Oops mode: 32-bit

CDS archive(s) mapped at: [0x0000000000000000-0x0000000000000000-0x0000000000000000), size 0, SharedBaseAddress: 0x0000000800000000, ArchiveRelocationMode: 1.
Narrow klass base: 0x0000000000000000, Narrow klass shift: 0, Narrow klass range: 0x0

GC Precious Log:
 CardTable entry size: 512
 Card Set container configuration: InlinePtr #cards 5 size 8 Array Of Cards #cards 12 size 40 Howl #buckets 4 coarsen threshold 1843 Howl Bitmap #cards 512 size 80 coarsen threshold 460 Card regions per heap region 1 cards per card region 2048

Heap:
 garbage-first heap   total 0K, used 0K [0x0000000083400000, 0x0000000100000000)
  region size 1024K, 0 young (0K), 0 survivors (0K)
 Metaspace       used 0K, committed 0K, reserved 0K
  class space    used 0K, committed 0K, reserved 0K

Heap Regions: E=young(eden), S=young(survivor), O=old, HS=humongous(starts), HC=humongous(continues), CS=collection set, F=free, TAMS=top-at-mark-start, PB=parsable bottom

Card table byte_map: [0x0000015674410000,0x0000015674800000] _byte_map_base: 0x0000015673ff6000

Marking Bits: (CMBitMap*) 0x000001566142e290
 Bits: [0x0000015674800000, 0x0000015676730000)

GC Heap History (0 events):
No events

Dll operation events (1 events):
Event: 0.008 Loaded shared library C:\Program Files\Android\Android Studio\jbr\bin\java.dll

Deoptimization events (0 events):
No events

Classes loaded (0 events):
No events

Classes unloaded (0 events):
No events

Classes redefined (0 events):
No events

Internal exceptions (0 events):
No events

ZGC Phase Switch (0 events):
No events

VM Operations (0 events):
No events

Memory protections (0 events):
No events

Nmethod flushes (0 events):
No events

Events (0 events):
No events


Dynamic libraries:
0x00007ff62fa00000 - 0x00007ff62fa0a000 	C:\Program Files\Android\Android Studio\jbr\bin\java.exe
0x00007fffaefa0000 - 0x00007fffaf200000 	C:\WINDOWS\SYSTEM32\ntdll.dll
0x00007fffadc70000 - 0x00007fffadd37000 	C:\WINDOWS\System32\KERNEL32.DLL
0x00007fffac850000 - 0x00007fffacc1a000 	C:\WINDOWS\System32\KERNELBASE.dll
0x00007fffac270000 - 0x00007fffac3bb000 	C:\WINDOWS\System32\ucrtbase.dll
0x00007fffa6080000 - 0x00007fffa6098000 	C:\Program Files\Android\Android Studio\jbr\bin\jli.dll
0x00007fff8bf60000 - 0x00007fff8bf7b000 	C:\Program Files\Android\Android Studio\jbr\bin\VCRUNTIME140.dll
0x00007fffae930000 - 0x00007fffaeafc000 	C:\WINDOWS\System32\USER32.dll
0x00007fff8c500000 - 0x00007fff8c797000 	C:\WINDOWS\WinSxS\amd64_microsoft.windows.common-controls_6595b64144ccf1df_6.0.26100.3624_none_3e086962e3345f24\COMCTL32.dll
0x00007fffac180000 - 0x00007fffac1a7000 	C:\WINDOWS\System32\win32u.dll
0x00007fffad800000 - 0x00007fffad8a9000 	C:\WINDOWS\System32\msvcrt.dll
0x00007fffadaa0000 - 0x00007fffadaca000 	C:\WINDOWS\System32\GDI32.dll
0x00007fffac710000 - 0x00007fffac841000 	C:\WINDOWS\System32\gdi32full.dll
0x00007fffac660000 - 0x00007fffac703000 	C:\WINDOWS\System32\msvcp_win.dll
0x00007fffaeb90000 - 0x00007fffaebbf000 	C:\WINDOWS\System32\IMM32.DLL
0x00007fff90060000 - 0x00007fff9006c000 	C:\Program Files\Android\Android Studio\jbr\bin\vcruntime140_1.dll
0x00007fff47e80000 - 0x00007fff47f0d000 	C:\Program Files\Android\Android Studio\jbr\bin\msvcp140.dll
0x00007fff49240000 - 0x00007fff49ec3000 	C:\Program Files\Android\Android Studio\jbr\bin\server\jvm.dll
0x00007fffad030000 - 0x00007fffad0e2000 	C:\WINDOWS\System32\ADVAPI32.dll
0x00007fffaddc0000 - 0x00007fffade66000 	C:\WINDOWS\System32\sechost.dll
0x00007fffad0f0000 - 0x00007fffad206000 	C:\WINDOWS\System32\RPCRT4.dll
0x00007fffad730000 - 0x00007fffad7a4000 	C:\WINDOWS\System32\WS2_32.dll
0x00007fffabfd0000 - 0x00007fffac02e000 	C:\WINDOWS\SYSTEM32\POWRPROF.dll
0x00007fff8f8d0000 - 0x00007fff8f906000 	C:\WINDOWS\SYSTEM32\WINMM.dll
0x00007fff9ea90000 - 0x00007fff9ea9b000 	C:\WINDOWS\SYSTEM32\VERSION.dll
0x00007fffabfb0000 - 0x00007fffabfc4000 	C:\WINDOWS\SYSTEM32\UMPDC.dll
0x00007fffaaf50000 - 0x00007fffaaf6a000 	C:\WINDOWS\SYSTEM32\kernel.appcore.dll
0x00007fff8bf10000 - 0x00007fff8bf1a000 	C:\Program Files\Android\Android Studio\jbr\bin\jimage.dll
0x00007fff94f50000 - 0x00007fff95191000 	C:\WINDOWS\SYSTEM32\DBGHELP.DLL
0x00007fffaebd0000 - 0x00007fffaef52000 	C:\WINDOWS\System32\combase.dll
0x00007fffae850000 - 0x00007fffae926000 	C:\WINDOWS\System32\OLEAUT32.dll
0x00007fff8c810000 - 0x00007fff8c849000 	C:\WINDOWS\SYSTEM32\dbgcore.DLL
0x00007fffac3c0000 - 0x00007fffac459000 	C:\WINDOWS\System32\bcryptPrimitives.dll
0x00007fff8bef0000 - 0x00007fff8bf10000 	C:\Program Files\Android\Android Studio\jbr\bin\java.dll

dbghelp: loaded successfully - version: 4.0.5 - missing functions: none
symbol engine: initialized successfully - sym options: 0x614 - pdb path: .;C:\Program Files\Android\Android Studio\jbr\bin;C:\WINDOWS\SYSTEM32;C:\WINDOWS\WinSxS\amd64_microsoft.windows.common-controls_6595b64144ccf1df_6.0.26100.3624_none_3e086962e3345f24;C:\Program Files\Android\Android Studio\jbr\bin\server

VM Arguments:
java_command: org.jetbrains.kotlin.cli.jvm.K2JVMCompiler @C:\Git_Repo\Software_Engineering\Android\app\build\20250414_1797454497981734865.compiler.options
java_class_path (initial): C:\Users\jaege\.gradle\caches\modules-2\files-2.1\org.jetbrains.kotlin\kotlin-compiler-embeddable\2.0.0\1de310de3446414381282ffc46c3ed3919a4d1da\kotlin-compiler-embeddable-2.0.0.jar;C:\Users\jaege\.gradle\caches\modules-2\files-2.1\org.jetbrains.kotlin\kotlin-stdlib\2.0.0\b48df2c4aede9586cc931ead433bc02d6fd7879e\kotlin-stdlib-2.0.0.jar;C:\Users\jaege\.gradle\caches\modules-2\files-2.1\org.jetbrains.kotlin\kotlin-script-runtime\2.0.0\fdc27dd047d592fa41d2dfa21e7621287a361612\kotlin-script-runtime-2.0.0.jar;C:\Users\jaege\.gradle\caches\modules-2\files-2.1\org.jetbrains.kotlin\kotlin-reflect\1.6.10\1cbe9c92c12a94eea200d23c2bbaedaf3daf5132\kotlin-reflect-1.6.10.jar;C:\Users\jaege\.gradle\caches\modules-2\files-2.1\org.jetbrains.kotlin\kotlin-daemon-embeddable\2.0.0\b39c612768614c4428c96ee9c65477181fffe9d\kotlin-daemon-embeddable-2.0.0.jar;C:\Users\jaege\.gradle\caches\modules-2\files-2.1\org.jetbrains.intellij.deps\trove4j\1.0.20200330\3afb14d5f9ceb459d724e907a21145e8ff394f02\trove4j-1.0.20200330.jar;C:\Users\jaege\.gradle\caches\modules-2\files-2.1\org.jetbrains\annotations\13.0\919f0dfe192fb4e063e7dacadee7f8bb9a2672a9\annotations-13.0.jar
Launcher Type: SUN_STANDARD

[Global flags]
     intx CICompilerCount                          = 4                                         {product} {ergonomic}
     uint ConcGCThreads                            = 2                                         {product} {ergonomic}
     uint G1ConcRefinementThreads                  = 8                                         {product} {ergonomic}
   size_t G1HeapRegionSize                         = 1048576                                   {product} {ergonomic}
    uintx GCDrainStackTargetSize                   = 64                                        {product} {ergonomic}
   size_t InitialHeapSize                          = 132120576                                 {product} {ergonomic}
   size_t MarkStackSize                            = 4194304                                   {product} {ergonomic}
   size_t MaxHeapSize                              = 2092957696                                {product} {ergonomic}
   size_t MinHeapDeltaBytes                        = 1048576                                   {product} {ergonomic}
   size_t MinHeapSize                              = 8388608                                   {product} {ergonomic}
    uintx NonNMethodCodeHeapSize                   = 5839372                                {pd product} {ergonomic}
    uintx NonProfiledCodeHeapSize                  = 122909434                              {pd product} {ergonomic}
    uintx ProfiledCodeHeapSize                     = 122909434                              {pd product} {ergonomic}
    uintx ReservedCodeCacheSize                    = 251658240                              {pd product} {ergonomic}
     bool SegmentedCodeCache                       = true                                      {product} {ergonomic}
   size_t SoftMaxHeapSize                          = 2092957696                             {manageable} {ergonomic}
     bool UseCompressedOops                        = true                           {product lp64_product} {ergonomic}
     bool UseG1GC                                  = true                                      {product} {ergonomic}
     bool UseLargePagesIndividualAllocation        = false                                  {pd product} {ergonomic}

Logging:
Log output configuration:
 #0: stdout all=warning uptime,level,tags foldmultilines=false
 #1: stderr all=off uptime,level,tags foldmultilines=false

Environment Variables:
PATH=C:\Program Files\Microsoft\jdk-11.0.16.101-hotspot\bin;C:\Program Files\Common Files\Oracle\Java\javapath;C:\Program Files (x86)\Common Files\Oracle\Java\javapath;C:\WINDOWS\system32;C:\WINDOWS;C:\WINDOWS\System32\Wbem;C:\WINDOWS\System32\WindowsPowerShell\v1.0\;C:\WINDOWS\System32\OpenSSH\;C:\Program Files\Microsoft SQL Server\150\Tools\Binn\;C:\Program Files\Microsoft SQL Server\Client SDK\ODBC\170\Tools\Binn\;C:\Program Files (x86)\Windows Kits\10\Windows Performance Toolkit\;C:\Program Files\dotnet\;C:\Program Files\nodejs\;C:\Program Files\MATLAB\R2024b\bin;C:\Program Files\MATLAB\R2024a\bin;C:\Program Files\Git\cmd;C:\Program Files\HP\HP One Agent;;%SystemRoot%\system32;%SystemRoot%;%SystemRoot%\System32\Wbem;%SYSTEMROOT%\System32\WindowsPowerShell\v1.0\;%SYSTEMROOT%\System32\OpenSSH\;C:\Users\jaege\AppData\Local\Programs\Python\Python311\Scripts\;C:\Users\jaege\AppData\Local\Programs\Python\Python311\;C:\Users\jaege\Documents\Scripts\;C:\Users\jaege\Documents\;C:\Users\jaege\AppData\Local\Microsoft\WindowsApps;C:\Users\jaege\.dotnet\tools;C:\Users\jaege\AppData\Roaming\npm;C:\Users\jaege\AppData\Local\Programs\Microsoft VS Code\bin;C:\Program Files (x86)\Nmap
USERNAME=jaege
OS=Windows_NT
PROCESSOR_IDENTIFIER=Intel64 Family 6 Model 142 Stepping 12, GenuineIntel
TMP=C:\Users\jaege\AppData\Local\Temp
TEMP=C:\Users\jaege\AppData\Local\Temp




Periodic native trim disabled

JNI global refs:
JNI global refs: 0, weak refs: 0

JNI global refs memory usage: 0, weak refs: 0

Process memory usage:
Resident Set Size: 12512K (0% of 8170996K total physical memory with 960816K free physical memory)

OOME stack traces (most recent first):
Classloader memory used:

---------------  S Y S T E M  ---------------

OS:
 Windows 11 , 64 bit Build 26100 (10.0.26100.3775)
OS uptime: 2 days 6:38 hours
Hyper-V role detected

CPU: total 8 (initial active 8) (4 cores per cpu, 2 threads per core) family 6 model 142 stepping 12 microcode 0xde, cx8, cmov, fxsr, ht, mmx, 3dnowpref, sse, sse2, sse3, ssse3, sse4.1, sse4.2, popcnt, lzcnt, tsc, tscinvbit, avx, avx2, aes, erms, clmul, bmi1, bmi2, adx, fma, vzeroupper, clflush, clflushopt, hv, rdtscp, f16c
Processor Information for all 8 processors :
  Max Mhz: 2112, Current Mhz: 1609, Mhz Limit: 1605

Memory: 4k page, system-wide physical 7979M (938M free)
TotalPageFile size 10979M (AvailPageFile size 77M)
current process WorkingSet (physical memory assigned to process): 12M, peak: 12M
current process commit charge ("private bytes"): 60M, peak: 186M

vm_info: OpenJDK 64-Bit Server VM (21.0.4+-12508038-b607.1) for windows-amd64 JRE (21.0.4+-12508038-b607.1), built on 2024-10-16T17:23:34Z by "builder" with MS VC++ 16.10 / 16.11 (VS2019)

END.
